<?xml version="1.0" encoding="UTF-8"?>
<!-- Generated by org.testng.reporters.JUnitReportReporter -->
<testsuite hostname="Nivas" failures="0" tests="2" name="appium.webParralel.GoogleDryRun" time="127.469" errors="0" timestamp="12 Jan 2019 20:32:15 GMT">
  <testcase classname="appium.webParralel.GoogleDryRun" name="testMothod" time="66.169"/>
  <testcase classname="appium.webParralel.GoogleDryRun" name="testMothod" time="61.300"/>
</testsuite> <!-- appium.webParralel.GoogleDryRun -->
